<?xml version="1.0" encoding="UTF-8"?>
<!-- Generated by org.testng.reporters.JUnitXMLReporter -->
<testsuite ignored="0" hostname="BLL012573" failures="0" tests="2" name="Default test" time="2.31" errors="0" timestamp="2022-09-18T00:18:11 IST">
  <testcase classname="com.assement.testvariant.testcase.testclass1" name="foregienplayer_check" time="2.034"/>
  <testcase classname="com.assement.testvariant.testcase.testclass1" name="weekedkeeper_player_check" time="0.133"/>
</testsuite> <!-- Default test -->
