<?xml version="1.0" encoding="UTF-8"?>
<testng-results ignored="0" total="2" passed="2" failed="0" skipped="0">
  <reporter-output>
  </reporter-output>
  <suite started-at="2022-09-18T00:18:08 IST" name="Default suite" finished-at="2022-09-18T00:18:10 IST" duration-ms="2310">
    <groups>
    </groups>
    <test started-at="2022-09-18T00:18:08 IST" name="Default test" finished-at="2022-09-18T00:18:10 IST" duration-ms="2310">
      <class name="com.assement.testvariant.testcase.testclass1">
        <test-method is-config="true" signature="beforeTest()[pri:0, instance:com.assement.testvariant.testcase.testclass1@2a54a73f]" started-at="2022-09-18T00:18:08 IST" name="beforeTest" finished-at="2022-09-18T00:18:08 IST" duration-ms="94" status="PASS">
          <reporter-output>
          </reporter-output>
        </test-method> <!-- beforeTest -->
        <test-method signature="foregienplayer_check()[pri:0, instance:com.assement.testvariant.testcase.testclass1@2a54a73f]" started-at="2022-09-18T00:18:08 IST" name="foregienplayer_check" finished-at="2022-09-18T00:18:10 IST" duration-ms="2034" status="PASS">
          <reporter-output>
          </reporter-output>
        </test-method> <!-- foregienplayer_check -->
        <test-method signature="weekedkeeper_player_check()[pri:0, instance:com.assement.testvariant.testcase.testclass1@2a54a73f]" started-at="2022-09-18T00:18:10 IST" name="weekedkeeper_player_check" finished-at="2022-09-18T00:18:10 IST" duration-ms="133" status="PASS">
          <reporter-output>
          </reporter-output>
        </test-method> <!-- weekedkeeper_player_check -->
      </class> <!-- com.assement.testvariant.testcase.testclass1 -->
    </test> <!-- Default test -->
  </suite> <!-- Default suite -->
</testng-results>
